{"name": "Successful fill form", "status": "broken", "statusDetails": {"message": "selenium.common.exceptions.InvalidArgumentException: Message: invalid argument\n  (Session info: chrome=100.0.4896.60)\nStacktrace:\n#0 0x5619d7e94013 <unknown>\n#1 0x5619d7bf689f <unknown>\n#2 0x5619d7be2388 <unknown>\n#3 0x5619d7be0d52 <unknown>\n#4 0x5619d7be0f32 <unknown>\n#5 0x5619d7bf84ca <unknown>\n#6 0x5619d7c5e2ef <unknown>\n#7 0x5619d7c4a932 <unknown>\n#8 0x5619d7c5db94 <unknown>\n#9 0x5619d7c4a823 <unknown>\n#10 0x5619d7c2008a <unknown>\n#11 0x5619d7c211e5 <unknown>\n#12 0x5619d7ec1e5d <unknown>\n#13 0x5619d7edb061 <unknown>\n#14 0x5619d7ec3bb5 <unknown>\n#15 0x5619d7edbe08 <unknown>\n#16 0x5619d7eb72f0 <unknown>\n#17 0x5619d7ef7988 <unknown>\n#18 0x5619d7ef7b08 <unknown>\n#19 0x5619d7f115dd <unknown>\n#20 0x7f2dca0ef609 <unknown>", "trace": "@allure.title(\"Successful fill form\")\n    def test_submitting_form():\n        allure.dynamic.tag('web')\n        allure.dynamic.severity(Severity.CRITICAL)\n        allure.dynamic.label('owner', 'rogova_irina')\n        allure.dynamic.feature('Successful fill form')\n    \n        form = Form()\n    \n        with allure.step('submit_form'):\n>           form.submit_form(irina_rogova)\n\npractice_form_test.py:18: \n_ _ _ _ _ _ _ _ _ _ _ _ _ _ _ _ _ _ _ _ _ _ _ _ _ _ _ _ _ _ _ _ _ _ _ _ _ _ _ _ \n../demoqa_tests/model/pages/practice_form.py:76: in submit_form\n    self.given_opened()\n../demoqa_tests/model/pages/practice_form.py:21: in given_opened\n    browser.open('/automation-practice-form')\n../../venv/lib/python3.11/site-packages/selene/support/shared/browser.py:83: in open\n    self.config.get_or_create_driver().get(url)\n../../venv/lib/python3.11/site-packages/selenium/webdriver/remote/webdriver.py:440: in get\n    self.execute(Command.GET, {'url': url})\n../../venv/lib/python3.11/site-packages/selenium/webdriver/remote/webdriver.py:428: in execute\n    self.error_handler.check_response(response)\n_ _ _ _ _ _ _ _ _ _ _ _ _ _ _ _ _ _ _ _ _ _ _ _ _ _ _ _ _ _ _ _ _ _ _ _ _ _ _ _ \n\nself = <selenium.webdriver.remote.errorhandler.ErrorHandler object at 0x102324990>\nresponse = {'status': 400, 'value': '{\"value\":{\"error\":\"invalid argument\",\"message\":\"invalid argument\\\\n  (Session info: chrome=1...\\\\n#18 0x5619d7ef7b08 \\\\u003Cunknown>\\\\n#19 0x5619d7f115dd \\\\u003Cunknown>\\\\n#20 0x7f2dca0ef609 \\\\u003Cunknown>\\\\n\"}}'}\n\n    def check_response(self, response: Dict[str, Any]) -> None:\n        \"\"\"\n        Checks that a JSON response from the WebDriver does not have an error.\n    \n        :Args:\n         - response - The JSON response from the WebDriver server as a dictionary\n           object.\n    \n        :Raises: If the response contains an error message.\n        \"\"\"\n        status = response.get('status', None)\n        if not status or status == ErrorCode.SUCCESS:\n            return\n        value = None\n        message = response.get(\"message\", \"\")\n        screen: str = response.get(\"screen\", \"\")\n        stacktrace = None\n        if isinstance(status, int):\n            value_json = response.get('value', None)\n            if value_json and isinstance(value_json, str):\n                import json\n                try:\n                    value = json.loads(value_json)\n                    if len(value.keys()) == 1:\n                        value = value['value']\n                    status = value.get('error', None)\n                    if not status:\n                        status = value.get(\"status\", ErrorCode.UNKNOWN_ERROR)\n                        message = value.get(\"value\") or value.get(\"message\")\n                        if not isinstance(message, str):\n                            value = message\n                            message = message.get('message')\n                    else:\n                        message = value.get('message', None)\n                except ValueError:\n                    pass\n    \n        exception_class: Type[WebDriverException]\n        if status in ErrorCode.NO_SUCH_ELEMENT:\n            exception_class = NoSuchElementException\n        elif status in ErrorCode.NO_SUCH_FRAME:\n            exception_class = NoSuchFrameException\n        elif status in ErrorCode.NO_SUCH_SHADOW_ROOT:\n            exception_class = NoSuchShadowRootException\n        elif status in ErrorCode.NO_SUCH_WINDOW:\n            exception_class = NoSuchWindowException\n        elif status in ErrorCode.STALE_ELEMENT_REFERENCE:\n            exception_class = StaleElementReferenceException\n        elif status in ErrorCode.ELEMENT_NOT_VISIBLE:\n            exception_class = ElementNotVisibleException\n        elif status in ErrorCode.INVALID_ELEMENT_STATE:\n            exception_class = InvalidElementStateException\n        elif status in ErrorCode.INVALID_SELECTOR \\\n                or status in ErrorCode.INVALID_XPATH_SELECTOR \\\n                or status in ErrorCode.INVALID_XPATH_SELECTOR_RETURN_TYPER:\n            exception_class = InvalidSelectorException\n        elif status in ErrorCode.ELEMENT_IS_NOT_SELECTABLE:\n            exception_class = ElementNotSelectableException\n        elif status in ErrorCode.ELEMENT_NOT_INTERACTABLE:\n            exception_class = ElementNotInteractableException\n        elif status in ErrorCode.INVALID_COOKIE_DOMAIN:\n            exception_class = InvalidCookieDomainException\n        elif status in ErrorCode.UNABLE_TO_SET_COOKIE:\n            exception_class = UnableToSetCookieException\n        elif status in ErrorCode.TIMEOUT:\n            exception_class = TimeoutException\n        elif status in ErrorCode.SCRIPT_TIMEOUT:\n            exception_class = TimeoutException\n        elif status in ErrorCode.UNKNOWN_ERROR:\n            exception_class = WebDriverException\n        elif status in ErrorCode.UNEXPECTED_ALERT_OPEN:\n            exception_class = UnexpectedAlertPresentException\n        elif status in ErrorCode.NO_ALERT_OPEN:\n            exception_class = NoAlertPresentException\n        elif status in ErrorCode.IME_NOT_AVAILABLE:\n            exception_class = ImeNotAvailableException\n        elif status in ErrorCode.IME_ENGINE_ACTIVATION_FAILED:\n            exception_class = ImeActivationFailedException\n        elif status in ErrorCode.MOVE_TARGET_OUT_OF_BOUNDS:\n            exception_class = MoveTargetOutOfBoundsException\n        elif status in ErrorCode.JAVASCRIPT_ERROR:\n            exception_class = JavascriptException\n        elif status in ErrorCode.SESSION_NOT_CREATED:\n            exception_class = SessionNotCreatedException\n        elif status in ErrorCode.INVALID_ARGUMENT:\n            exception_class = InvalidArgumentException\n        elif status in ErrorCode.NO_SUCH_COOKIE:\n            exception_class = NoSuchCookieException\n        elif status in ErrorCode.UNABLE_TO_CAPTURE_SCREEN:\n            exception_class = ScreenshotException\n        elif status in ErrorCode.ELEMENT_CLICK_INTERCEPTED:\n            exception_class = ElementClickInterceptedException\n        elif status in ErrorCode.INSECURE_CERTIFICATE:\n            exception_class = InsecureCertificateException\n        elif status in ErrorCode.INVALID_COORDINATES:\n            exception_class = InvalidCoordinatesException\n        elif status in ErrorCode.INVALID_SESSION_ID:\n            exception_class = InvalidSessionIdException\n        elif status in ErrorCode.UNKNOWN_METHOD:\n            exception_class = UnknownMethodException\n        else:\n            exception_class = WebDriverException\n        if not value:\n            value = response['value']\n        if isinstance(value, str):\n            raise exception_class(value)\n        if message == \"\" and 'message' in value:\n            message = value['message']\n    \n        screen = None  # type: ignore[assignment]\n        if 'screen' in value:\n            screen = value['screen']\n    \n        stacktrace = None\n        st_value = value.get('stackTrace') or value.get('stacktrace')\n        if st_value:\n            if isinstance(st_value, str):\n                stacktrace = st_value.split('\\n')\n            else:\n                stacktrace = []\n                try:\n                    for frame in st_value:\n                        line = frame.get(\"lineNumber\", \"\")\n                        file = frame.get(\"fileName\", \"<anonymous>\")\n                        if line:\n                            file = f\"{file}:{line}\"\n                        meth = frame.get('methodName', '<anonymous>')\n                        if 'className' in frame:\n                            meth = \"{}.{}\".format(frame['className'], meth)\n                        msg = \"    at %s (%s)\"\n                        msg = msg % (meth, file)\n                        stacktrace.append(msg)\n                except TypeError:\n                    pass\n        if exception_class == UnexpectedAlertPresentException:\n            alert_text = None\n            if 'data' in value:\n                alert_text = value['data'].get('text')\n            elif 'alert' in value:\n                alert_text = value['alert'].get('text')\n            raise exception_class(message, screen, stacktrace, alert_text)  # type: ignore[call-arg]  # mypy is not smart enough here\n>       raise exception_class(message, screen, stacktrace)\nE       selenium.common.exceptions.InvalidArgumentException: Message: invalid argument\nE         (Session info: chrome=100.0.4896.60)\nE       Stacktrace:\nE       #0 0x5619d7e94013 <unknown>\nE       #1 0x5619d7bf689f <unknown>\nE       #2 0x5619d7be2388 <unknown>\nE       #3 0x5619d7be0d52 <unknown>\nE       #4 0x5619d7be0f32 <unknown>\nE       #5 0x5619d7bf84ca <unknown>\nE       #6 0x5619d7c5e2ef <unknown>\nE       #7 0x5619d7c4a932 <unknown>\nE       #8 0x5619d7c5db94 <unknown>\nE       #9 0x5619d7c4a823 <unknown>\nE       #10 0x5619d7c2008a <unknown>\nE       #11 0x5619d7c211e5 <unknown>\nE       #12 0x5619d7ec1e5d <unknown>\nE       #13 0x5619d7edb061 <unknown>\nE       #14 0x5619d7ec3bb5 <unknown>\nE       #15 0x5619d7edbe08 <unknown>\nE       #16 0x5619d7eb72f0 <unknown>\nE       #17 0x5619d7ef7988 <unknown>\nE       #18 0x5619d7ef7b08 <unknown>\nE       #19 0x5619d7f115dd <unknown>\nE       #20 0x7f2dca0ef609 <unknown>\n\n../../venv/lib/python3.11/site-packages/selenium/webdriver/remote/errorhandler.py:243: InvalidArgumentException"}, "steps": [{"name": "submit_form", "status": "broken", "statusDetails": {"message": "selenium.common.exceptions.InvalidArgumentException: Message: invalid argument\n  (Session info: chrome=100.0.4896.60)\nStacktrace:\n#0 0x5619d7e94013 <unknown>\n#1 0x5619d7bf689f <unknown>\n#2 0x5619d7be2388 <unknown>\n#3 0x5619d7be0d52 <unknown>\n#4 0x5619d7be0f32 <unknown>\n#5 0x5619d7bf84ca <unknown>\n#6 0x5619d7c5e2ef <unknown>\n#7 0x5619d7c4a932 <unknown>\n#8 0x5619d7c5db94 <unknown>\n#9 0x5619d7c4a823 <unknown>\n#10 0x5619d7c2008a <unknown>\n#11 0x5619d7c211e5 <unknown>\n#12 0x5619d7ec1e5d <unknown>\n#13 0x5619d7edb061 <unknown>\n#14 0x5619d7ec3bb5 <unknown>\n#15 0x5619d7edbe08 <unknown>\n#16 0x5619d7eb72f0 <unknown>\n#17 0x5619d7ef7988 <unknown>\n#18 0x5619d7ef7b08 <unknown>\n#19 0x5619d7f115dd <unknown>\n#20 0x7f2dca0ef609 <unknown>\n\n", "trace": "  File \"/Users/irina/PycharmProjects/qa_quru_jenkins/qa_guru_pageObjects_3_9/tests/practice_form_test.py\", line 18, in test_submitting_form\n    form.submit_form(irina_rogova)\n  File \"/Users/irina/PycharmProjects/qa_quru_jenkins/qa_guru_pageObjects_3_9/demoqa_tests/model/pages/practice_form.py\", line 76, in submit_form\n    self.given_opened()\n  File \"/Users/irina/PycharmProjects/qa_quru_jenkins/qa_guru_pageObjects_3_9/demoqa_tests/model/pages/practice_form.py\", line 21, in given_opened\n    browser.open('/automation-practice-form')\n  File \"/Users/irina/PycharmProjects/qa_quru_jenkins/venv/lib/python3.11/site-packages/selene/support/shared/browser.py\", line 83, in open\n    self.config.get_or_create_driver().get(url)\n  File \"/Users/irina/PycharmProjects/qa_quru_jenkins/venv/lib/python3.11/site-packages/selenium/webdriver/remote/webdriver.py\", line 440, in get\n    self.execute(Command.GET, {'url': url})\n  File \"/Users/irina/PycharmProjects/qa_quru_jenkins/venv/lib/python3.11/site-packages/selenium/webdriver/remote/webdriver.py\", line 428, in execute\n    self.error_handler.check_response(response)\n  File \"/Users/irina/PycharmProjects/qa_quru_jenkins/venv/lib/python3.11/site-packages/selenium/webdriver/remote/errorhandler.py\", line 243, in check_response\n    raise exception_class(message, screen, stacktrace)\n"}, "start": 1674215314300, "stop": 1674215314620}], "start": 1674215314299, "stop": 1674215314626, "uuid": "105204d2-7907-4f27-91e9-44fcc354f35b", "historyId": "d5f7d69c9f57ed6fb9c0eb43db5ebf61", "testCaseId": "4681c8e0e0098d55c7a5351bc04e672c", "fullName": "qa_guru_pageObjects_3_9.tests.practice_form_test#test_submitting_form", "labels": [{"name": "tag", "value": "web"}, {"name": "severity", "value": "critical"}, {"name": "owner", "value": "rogova_irina"}, {"name": "feature", "value": "Successful fill form"}, {"name": "parentSuite", "value": "qa_guru_pageObjects_3_9.tests"}, {"name": "suite", "value": "practice_form_test"}, {"name": "host", "value": "MacBook-Pro-Irina.local"}, {"name": "thread", "value": "39843-MainThread"}, {"name": "framework", "value": "pytest"}, {"name": "language", "value": "cpython3"}, {"name": "package", "value": "qa_guru_pageObjects_3_9.tests.practice_form_test"}]}